This file contains any messages produced by compilers while
running configure, to aid debugging if configure makes a mistake.

It was created by elipsbnbls12 configure 1.0.1, which was
generated by GNU Autoconf 2.69.  Invocation command line was

  $ ./configure 

## --------- ##
## Platform. ##
## --------- ##

hostname = KhandakerMBP.local
uname -m = x86_64
uname -r = 16.7.0
uname -s = Darwin
uname -v = Darwin Kernel Version 16.7.0: Thu Jan 11 22:59:40 PST 2018; root:xnu-3789.73.8~1/RELEASE_X86_64

/usr/bin/uname -p = i386
/bin/uname -X     = unknown

/bin/arch              = unknown
/usr/bin/arch -k       = unknown
/usr/convex/getsysinfo = unknown
/usr/bin/hostinfo      = Mach kernel version:
	 Darwin Kernel Version 16.7.0: Thu Jan 11 22:59:40 PST 2018; root:xnu-3789.73.8~1/RELEASE_X86_64
Kernel configured for up to 4 processors.
2 processors are physically available.
4 processors are logically available.
Processor type: x86_64h (Intel x86-64h Haswell)
Processors active: 0 1 2 3
Primary memory available: 16.00 gigabytes
Default processor set: 373 tasks, 1749 threads, 4 processors
Load average: 2.61, Mach factor: 1.89
/bin/machine           = unknown
/usr/bin/oslevel       = unknown
/bin/universe          = unknown

PATH: /anaconda3/bin
PATH: /Library/Frameworks/Python.framework/Versions/3.5/bin
PATH: /Users/khandaker/.cargo/bin
PATH: /Users/khandaker/anaconda/bin
PATH: /Users/khandaker/.rbenv/shims
PATH: /usr/local/bin
PATH: /usr/bin
PATH: /bin
PATH: /usr/sbin
PATH: /sbin
PATH: /opt/X11/bin
PATH: /Library/TeX/texbin
PATH: /Applications/Wireshark.app/Contents/MacOS


## ----------- ##
## Core tests. ##
## ----------- ##

configure:2624: checking for a BSD-compatible install
configure:2692: result: /usr/bin/install -c
configure:2703: checking whether build environment is sane
configure:2758: result: yes
configure:2909: checking for a thread-safe mkdir -p
configure:2948: result: ./install-sh -c -d
configure:2955: checking for gawk
configure:2985: result: no
configure:2955: checking for mawk
configure:2985: result: no
configure:2955: checking for nawk
configure:2985: result: no
configure:2955: checking for awk
configure:2971: found /usr/bin/awk
configure:2982: result: awk
configure:2993: checking whether make sets $(MAKE)
configure:3015: result: yes
configure:3044: checking whether make supports nested variables
configure:3061: result: yes
configure:3211: checking build system type
configure:3225: result: x86_64-apple-darwin16.7.0
configure:3245: checking host system type
configure:3258: result: x86_64-apple-darwin16.7.0
configure:3299: checking how to print strings
configure:3326: result: printf
configure:3359: checking for style of include used by make
configure:3387: result: GNU
configure:3458: checking for gcc
configure:3474: found /usr/local/bin/gcc
configure:3485: result: gcc
configure:3714: checking for C compiler version
configure:3723: gcc --version >&5
gcc (GCC) 7.1.0
Copyright (C) 2017 Free Software Foundation, Inc.
This is free software; see the source for copying conditions.  There is NO
warranty; not even for MERCHANTABILITY or FITNESS FOR A PARTICULAR PURPOSE.

configure:3734: $? = 0
configure:3723: gcc -v >&5
Using built-in specs.
COLLECT_GCC=gcc
COLLECT_LTO_WRAPPER=/usr/local/libexec/gcc/x86_64-apple-darwin15.6.0/7.1.0/lto-wrapper
Target: x86_64-apple-darwin15.6.0
Configured with: ../gcc-7.1.0/configure --enable-languages=c++,fortran
Thread model: posix
gcc version 7.1.0 (GCC) 
configure:3734: $? = 0
configure:3723: gcc -V >&5
gcc: error: unrecognized command line option '-V'
gcc: fatal error: no input files
compilation terminated.
configure:3734: $? = 1
configure:3723: gcc -qversion >&5
gcc: error: unrecognized command line option '-qversion'; did you mean '--version'?
gcc: fatal error: no input files
compilation terminated.
configure:3734: $? = 1
configure:3754: checking whether the C compiler works
configure:3776: gcc    conftest.c  >&5
configure:3780: $? = 0
configure:3828: result: yes
configure:3831: checking for C compiler default output file name
configure:3833: result: a.out
configure:3839: checking for suffix of executables
configure:3846: gcc -o conftest    conftest.c  >&5
configure:3850: $? = 0
configure:3872: result: 
configure:3894: checking whether we are cross compiling
configure:3902: gcc -o conftest    conftest.c  >&5
configure:3906: $? = 0
configure:3913: ./conftest
configure:3917: $? = 0
configure:3932: result: no
configure:3937: checking for suffix of object files
configure:3959: gcc -c   conftest.c >&5
configure:3963: $? = 0
configure:3984: result: o
configure:3988: checking whether we are using the GNU C compiler
configure:4007: gcc -c   conftest.c >&5
configure:4007: $? = 0
configure:4016: result: yes
configure:4025: checking whether gcc accepts -g
configure:4045: gcc -c -g  conftest.c >&5
configure:4045: $? = 0
configure:4086: result: yes
configure:4103: checking for gcc option to accept ISO C89
configure:4166: gcc  -c -g -O2  conftest.c >&5
configure:4166: $? = 0
configure:4179: result: none needed
configure:4204: checking whether gcc understands -c and -o together
configure:4226: gcc -c conftest.c -o conftest2.o
configure:4229: $? = 0
configure:4226: gcc -c conftest.c -o conftest2.o
configure:4229: $? = 0
configure:4241: result: yes
configure:4260: checking dependency style of gcc
configure:4371: result: gcc3
configure:4386: checking for a sed that does not truncate output
configure:4450: result: /usr/bin/sed
configure:4468: checking for grep that handles long lines and -e
configure:4526: result: /usr/bin/grep
configure:4531: checking for egrep
configure:4593: result: /usr/bin/grep -E
configure:4598: checking for fgrep
configure:4660: result: /usr/bin/grep -F
configure:4695: checking for ld used by gcc
configure:4762: result: /usr/bin/ld
configure:4769: checking if the linker (/usr/bin/ld) is GNU ld
configure:4784: result: no
configure:4796: checking for BSD- or MS-compatible name lister (nm)
configure:4850: result: /usr/bin/nm -B
configure:4980: checking the name lister (/usr/bin/nm -B) interface
configure:4987: gcc -c -g -O2  conftest.c >&5
configure:4990: /usr/bin/nm -B "conftest.o"
configure:4993: output
000000000000019c S _some_variable
configure:5000: result: BSD nm
configure:5003: checking whether ln -s works
configure:5007: result: yes
configure:5015: checking the maximum length of command line arguments
configure:5146: result: 196608
configure:5194: checking how to convert x86_64-apple-darwin16.7.0 file names to x86_64-apple-darwin16.7.0 format
configure:5234: result: func_convert_file_noop
configure:5241: checking how to convert x86_64-apple-darwin16.7.0 file names to toolchain format
configure:5261: result: func_convert_file_noop
configure:5268: checking for /usr/bin/ld option to reload object files
configure:5275: result: -r
configure:5349: checking for objdump
configure:5365: found /usr/bin/objdump
configure:5376: result: objdump
configure:5408: checking how to recognize dependent libraries
configure:5608: result: pass_all
configure:5693: checking for dlltool
configure:5723: result: no
configure:5753: checking how to associate runtime and link libraries
configure:5780: result: printf %s\n
configure:5841: checking for ar
configure:5857: found /usr/bin/ar
configure:5868: result: ar
configure:5905: checking for archiver @FILE support
configure:5922: gcc -c -g -O2  conftest.c >&5
configure:5922: $? = 0
configure:5925: ar cru libconftest.a @conftest.lst >&5
ar: @conftest.lst: No such file or directory
configure:5928: $? = 1
configure:5948: result: no
configure:6006: checking for strip
configure:6022: found /usr/bin/strip
configure:6033: result: strip
configure:6105: checking for ranlib
configure:6121: found /usr/bin/ranlib
configure:6132: result: ranlib
configure:6234: checking command to parse /usr/bin/nm -B output from gcc object
configure:6387: gcc -c -g -O2  conftest.c >&5
configure:6390: $? = 0
configure:6394: /usr/bin/nm -B conftest.o \| sed -n -e 's/^.*[ ]\([BCDEGRST][BCDEGRST]*\)[ ][ ]*\([_A-Za-z][_A-Za-z0-9]*\)$/\1 \2 \2/p' | sed '/ __gnu_lto/d' \> conftest.nm
configure:6397: $? = 0
cannot find nm_test_var in conftest.nm
configure:6387: gcc -c -g -O2  conftest.c >&5
configure:6390: $? = 0
configure:6394: /usr/bin/nm -B conftest.o \| sed -n -e 's/^.*[ ]\([BCDEGRST][BCDEGRST]*\)[ ][ ]*_\([_A-Za-z][_A-Za-z0-9]*\)$/\1 _\2 \2/p' | sed '/ __gnu_lto/d' \> conftest.nm
configure:6397: $? = 0
configure:6463: gcc -o conftest -g -O2   conftest.c conftstm.o >&5
warning: (x86_64)  could not find object file symbol for symbol _main
configure:6466: $? = 0
configure:6504: result: ok
configure:6551: checking for sysroot
configure:6581: result: no
configure:6588: checking for a working dd
configure:6626: result: /bin/dd
configure:6630: checking how to truncate binary pipes
configure:6645: result: /bin/dd bs=4096 count=1
configure:6974: checking for mt
configure:7004: result: no
configure:7024: checking if : is a manifest tool
configure:7030: : '-?'
configure:7038: result: no
configure:7094: checking for dsymutil
configure:7110: found /usr/bin/dsymutil
configure:7121: result: dsymutil
configure:7186: checking for nmedit
configure:7202: found /usr/bin/nmedit
configure:7213: result: nmedit
configure:7278: checking for lipo
configure:7294: found /usr/bin/lipo
configure:7305: result: lipo
configure:7370: checking for otool
configure:7386: found /usr/bin/otool
configure:7397: result: otool
configure:7462: checking for otool64
configure:7492: result: no
configure:7537: checking for -single_module linker flag
gcc -g -O2  -o libconftest.dylib -dynamiclib -Wl,-single_module conftest.c
configure:7570: result: yes
configure:7573: checking for -exported_symbols_list linker flag
configure:7593: gcc -o conftest -g -O2   -Wl,-exported_symbols_list,conftest.sym conftest.c  >&5
configure:7593: $? = 0
configure:7603: result: yes
configure:7606: checking for -force_load linker flag
gcc -g -O2 -c -o conftest.o conftest.c
ar cru libconftest.a conftest.o
ranlib libconftest.a
gcc -g -O2  -o conftest conftest.c -Wl,-force_load,./libconftest.a
configure:7638: result: yes
configure:7715: checking how to run the C preprocessor
configure:7746: gcc -E  conftest.c
configure:7746: $? = 0
configure:7760: gcc -E  conftest.c
conftest.c:9:10: fatal error: ac_nonexistent.h: No such file or directory
 #include <ac_nonexistent.h>
          ^~~~~~~~~~~~~~~~~~
compilation terminated.
configure:7760: $? = 1
configure: failed program was:
| /* confdefs.h */
| #define PACKAGE_NAME "elipsbnbls12"
| #define PACKAGE_TARNAME "elipsbnbls12"
| #define PACKAGE_VERSION "1.0.1"
| #define PACKAGE_STRING "elipsbnbls12 1.0.1"
| #define PACKAGE_BUGREPORT ""
| #define PACKAGE_URL ""
| /* end confdefs.h.  */
| #include <ac_nonexistent.h>
configure:7785: result: gcc -E
configure:7805: gcc -E  conftest.c
configure:7805: $? = 0
configure:7819: gcc -E  conftest.c
conftest.c:9:10: fatal error: ac_nonexistent.h: No such file or directory
 #include <ac_nonexistent.h>
          ^~~~~~~~~~~~~~~~~~
compilation terminated.
configure:7819: $? = 1
configure: failed program was:
| /* confdefs.h */
| #define PACKAGE_NAME "elipsbnbls12"
| #define PACKAGE_TARNAME "elipsbnbls12"
| #define PACKAGE_VERSION "1.0.1"
| #define PACKAGE_STRING "elipsbnbls12 1.0.1"
| #define PACKAGE_BUGREPORT ""
| #define PACKAGE_URL ""
| /* end confdefs.h.  */
| #include <ac_nonexistent.h>
configure:7848: checking for ANSI C header files
configure:7868: gcc -c -g -O2  conftest.c >&5
configure:7868: $? = 0
configure:7941: gcc -o conftest -g -O2   conftest.c  >&5
configure:7941: $? = 0
configure:7941: ./conftest
configure:7941: $? = 0
configure:7952: result: yes
configure:7965: checking for sys/types.h
configure:7965: gcc -c -g -O2  conftest.c >&5
configure:7965: $? = 0
configure:7965: result: yes
configure:7965: checking for sys/stat.h
configure:7965: gcc -c -g -O2  conftest.c >&5
configure:7965: $? = 0
configure:7965: result: yes
configure:7965: checking for stdlib.h
configure:7965: gcc -c -g -O2  conftest.c >&5
configure:7965: $? = 0
configure:7965: result: yes
configure:7965: checking for string.h
configure:7965: gcc -c -g -O2  conftest.c >&5
configure:7965: $? = 0
configure:7965: result: yes
configure:7965: checking for memory.h
configure:7965: gcc -c -g -O2  conftest.c >&5
configure:7965: $? = 0
configure:7965: result: yes
configure:7965: checking for strings.h
configure:7965: gcc -c -g -O2  conftest.c >&5
configure:7965: $? = 0
configure:7965: result: yes
configure:7965: checking for inttypes.h
configure:7965: gcc -c -g -O2  conftest.c >&5
configure:7965: $? = 0
configure:7965: result: yes
configure:7965: checking for stdint.h
configure:7965: gcc -c -g -O2  conftest.c >&5
configure:7965: $? = 0
configure:7965: result: yes
configure:7965: checking for unistd.h
configure:7965: gcc -c -g -O2  conftest.c >&5
configure:7965: $? = 0
configure:7965: result: yes
configure:7979: checking for dlfcn.h
configure:7979: gcc -c -g -O2  conftest.c >&5
configure:7979: $? = 0
configure:7979: result: yes
configure:8235: checking for objdir
configure:8250: result: .libs
configure:8514: checking if gcc supports -fno-rtti -fno-exceptions
configure:8532: gcc -c -g -O2  -fno-rtti -fno-exceptions conftest.c >&5
cc1: warning: command line option '-fno-rtti' is valid for C++/ObjC++ but not for C
configure:8536: $? = 0
configure:8549: result: no
configure:8907: checking for gcc option to produce PIC
configure:8914: result: -fno-common -DPIC
configure:8922: checking if gcc PIC flag -fno-common -DPIC works
configure:8940: gcc -c -g -O2  -fno-common -DPIC -DPIC conftest.c >&5
configure:8944: $? = 0
configure:8957: result: yes
configure:8986: checking if gcc static flag -static works
configure:9014: result: no
configure:9029: checking if gcc supports -c -o file.o
configure:9050: gcc -c -g -O2  -o out/conftest2.o conftest.c >&5
configure:9054: $? = 0
configure:9076: result: yes
configure:9084: checking if gcc supports -c -o file.o
configure:9131: result: yes
configure:9164: checking whether the gcc linker (/usr/bin/ld) supports shared libraries
configure:10423: result: yes
configure:10663: checking dynamic linker characteristics
configure:11481: result: darwin16.7.0 dyld
configure:11603: checking how to hardcode library paths into programs
configure:11628: result: immediate
configure:12176: checking whether stripping libraries is possible
configure:12190: result: yes
configure:12216: checking if libtool supports shared libraries
configure:12218: result: yes
configure:12221: checking whether to build shared libraries
configure:12246: result: yes
configure:12249: checking whether to build static libraries
configure:12253: result: yes
configure:12358: checking dependency style of gcc
configure:12469: result: gcc3
configure:12589: checking for g++
configure:12605: found /usr/local/bin/g++
configure:12616: result: g++
configure:12643: checking for C++ compiler version
configure:12652: g++ --version >&5
g++ (GCC) 7.1.0
Copyright (C) 2017 Free Software Foundation, Inc.
This is free software; see the source for copying conditions.  There is NO
warranty; not even for MERCHANTABILITY or FITNESS FOR A PARTICULAR PURPOSE.

configure:12663: $? = 0
configure:12652: g++ -v >&5
Using built-in specs.
COLLECT_GCC=g++
COLLECT_LTO_WRAPPER=/usr/local/libexec/gcc/x86_64-apple-darwin15.6.0/7.1.0/lto-wrapper
Target: x86_64-apple-darwin15.6.0
Configured with: ../gcc-7.1.0/configure --enable-languages=c++,fortran
Thread model: posix
gcc version 7.1.0 (GCC) 
configure:12663: $? = 0
configure:12652: g++ -V >&5
g++: error: unrecognized command line option '-V'
g++: fatal error: no input files
compilation terminated.
configure:12663: $? = 1
configure:12652: g++ -qversion >&5
g++: error: unrecognized command line option '-qversion'; did you mean '--version'?
g++: fatal error: no input files
compilation terminated.
configure:12663: $? = 1
configure:12667: checking whether we are using the GNU C++ compiler
configure:12686: g++ -c   conftest.cpp >&5
configure:12686: $? = 0
configure:12695: result: yes
configure:12704: checking whether g++ accepts -g
configure:12724: g++ -c -g  conftest.cpp >&5
configure:12724: $? = 0
configure:12765: result: yes
configure:12790: checking dependency style of g++
configure:12901: result: gcc3
configure:12934: checking how to run the C++ preprocessor
configure:12961: g++ -E  conftest.cpp
configure:12961: $? = 0
configure:12975: g++ -E  conftest.cpp
conftest.cpp:21:10: fatal error: ac_nonexistent.h: No such file or directory
 #include <ac_nonexistent.h>
          ^~~~~~~~~~~~~~~~~~
compilation terminated.
configure:12975: $? = 1
configure: failed program was:
| /* confdefs.h */
| #define PACKAGE_NAME "elipsbnbls12"
| #define PACKAGE_TARNAME "elipsbnbls12"
| #define PACKAGE_VERSION "1.0.1"
| #define PACKAGE_STRING "elipsbnbls12 1.0.1"
| #define PACKAGE_BUGREPORT ""
| #define PACKAGE_URL ""
| #define STDC_HEADERS 1
| #define HAVE_SYS_TYPES_H 1
| #define HAVE_SYS_STAT_H 1
| #define HAVE_STDLIB_H 1
| #define HAVE_STRING_H 1
| #define HAVE_MEMORY_H 1
| #define HAVE_STRINGS_H 1
| #define HAVE_INTTYPES_H 1
| #define HAVE_STDINT_H 1
| #define HAVE_UNISTD_H 1
| #define HAVE_DLFCN_H 1
| #define LT_OBJDIR ".libs/"
| /* end confdefs.h.  */
| #include <ac_nonexistent.h>
configure:13000: result: g++ -E
configure:13020: g++ -E  conftest.cpp
configure:13020: $? = 0
configure:13034: g++ -E  conftest.cpp
conftest.cpp:21:10: fatal error: ac_nonexistent.h: No such file or directory
 #include <ac_nonexistent.h>
          ^~~~~~~~~~~~~~~~~~
compilation terminated.
configure:13034: $? = 1
configure: failed program was:
| /* confdefs.h */
| #define PACKAGE_NAME "elipsbnbls12"
| #define PACKAGE_TARNAME "elipsbnbls12"
| #define PACKAGE_VERSION "1.0.1"
| #define PACKAGE_STRING "elipsbnbls12 1.0.1"
| #define PACKAGE_BUGREPORT ""
| #define PACKAGE_URL ""
| #define STDC_HEADERS 1
| #define HAVE_SYS_TYPES_H 1
| #define HAVE_SYS_STAT_H 1
| #define HAVE_STDLIB_H 1
| #define HAVE_STRING_H 1
| #define HAVE_MEMORY_H 1
| #define HAVE_STRINGS_H 1
| #define HAVE_INTTYPES_H 1
| #define HAVE_STDINT_H 1
| #define HAVE_UNISTD_H 1
| #define HAVE_DLFCN_H 1
| #define LT_OBJDIR ".libs/"
| /* end confdefs.h.  */
| #include <ac_nonexistent.h>
configure:13196: checking for ld used by g++
configure:13263: result: /usr/bin/ld
configure:13270: checking if the linker (/usr/bin/ld) is GNU ld
configure:13285: result: no
configure:13340: checking whether the g++ linker (/usr/bin/ld) supports shared libraries
configure:14413: result: yes
configure:14449: g++ -c -g -O2  conftest.cpp >&5
configure:14452: $? = 0
configure:14933: checking for g++ option to produce PIC
configure:14940: result: -fno-common -DPIC
configure:14948: checking if g++ PIC flag -fno-common -DPIC works
configure:14966: g++ -c -g -O2  -fno-common -DPIC -DPIC conftest.cpp >&5
configure:14970: $? = 0
configure:14983: result: yes
configure:15006: checking if g++ static flag -static works
configure:15034: result: no
configure:15046: checking if g++ supports -c -o file.o
configure:15067: g++ -c -g -O2  -o out/conftest2.o conftest.cpp >&5
configure:15071: $? = 0
configure:15093: result: yes
configure:15098: checking if g++ supports -c -o file.o
configure:15145: result: yes
configure:15175: checking whether the g++ linker (/usr/bin/ld) supports shared libraries
configure:15215: result: yes
configure:15356: checking dynamic linker characteristics
configure:16101: result: darwin16.7.0 dyld
configure:16166: checking how to hardcode library paths into programs
configure:16191: result: immediate
configure:16233: checking dependency style of g++
configure:16344: result: gcc3
configure:16407: checking for gcc
configure:16434: result: gcc
configure:16663: checking for C compiler version
configure:16672: gcc --version >&5
gcc (GCC) 7.1.0
Copyright (C) 2017 Free Software Foundation, Inc.
This is free software; see the source for copying conditions.  There is NO
warranty; not even for MERCHANTABILITY or FITNESS FOR A PARTICULAR PURPOSE.

configure:16683: $? = 0
configure:16672: gcc -v >&5
Using built-in specs.
COLLECT_GCC=gcc
COLLECT_LTO_WRAPPER=/usr/local/libexec/gcc/x86_64-apple-darwin15.6.0/7.1.0/lto-wrapper
Target: x86_64-apple-darwin15.6.0
Configured with: ../gcc-7.1.0/configure --enable-languages=c++,fortran
Thread model: posix
gcc version 7.1.0 (GCC) 
configure:16683: $? = 0
configure:16672: gcc -V >&5
gcc: error: unrecognized command line option '-V'
gcc: fatal error: no input files
compilation terminated.
configure:16683: $? = 1
configure:16672: gcc -qversion >&5
gcc: error: unrecognized command line option '-qversion'; did you mean '--version'?
gcc: fatal error: no input files
compilation terminated.
configure:16683: $? = 1
configure:16687: checking whether we are using the GNU C compiler
configure:16715: result: yes
configure:16724: checking whether gcc accepts -g
configure:16785: result: yes
configure:16802: checking for gcc option to accept ISO C89
configure:16878: result: none needed
configure:16903: checking whether gcc understands -c and -o together
configure:16940: result: yes
configure:16959: checking dependency style of gcc
configure:17070: result: gcc3
configure:17090: checking how to run the C preprocessor
configure:17160: result: gcc -E
configure:17180: gcc -E  conftest.c
configure:17180: $? = 0
configure:17194: gcc -E  conftest.c
conftest.c:21:10: fatal error: ac_nonexistent.h: No such file or directory
 #include <ac_nonexistent.h>
          ^~~~~~~~~~~~~~~~~~
compilation terminated.
configure:17194: $? = 1
configure: failed program was:
| /* confdefs.h */
| #define PACKAGE_NAME "elipsbnbls12"
| #define PACKAGE_TARNAME "elipsbnbls12"
| #define PACKAGE_VERSION "1.0.1"
| #define PACKAGE_STRING "elipsbnbls12 1.0.1"
| #define PACKAGE_BUGREPORT ""
| #define PACKAGE_URL ""
| #define STDC_HEADERS 1
| #define HAVE_SYS_TYPES_H 1
| #define HAVE_SYS_STAT_H 1
| #define HAVE_STDLIB_H 1
| #define HAVE_STRING_H 1
| #define HAVE_MEMORY_H 1
| #define HAVE_STRINGS_H 1
| #define HAVE_INTTYPES_H 1
| #define HAVE_STDINT_H 1
| #define HAVE_UNISTD_H 1
| #define HAVE_DLFCN_H 1
| #define LT_OBJDIR ".libs/"
| /* end confdefs.h.  */
| #include <ac_nonexistent.h>
configure:17223: checking whether ln -s works
configure:17227: result: yes
configure:17234: checking whether make sets $(MAKE)
configure:17256: result: yes
configure:17269: checking for ANSI C header files
configure:17373: result: yes
configure:17384: checking for stdlib.h
configure:17384: result: yes
configure:17384: checking for string.h
configure:17384: result: yes
configure:17384: checking gmp.h usability
configure:17384: gcc -c -g -O2  conftest.c >&5
configure:17384: $? = 0
configure:17384: result: yes
configure:17384: checking gmp.h presence
configure:17384: gcc -E  conftest.c
configure:17384: $? = 0
configure:17384: result: yes
configure:17384: checking for gmp.h
configure:17384: result: yes
configure:17396: checking for an ANSI C-conforming const
configure:17462: gcc -c -g -O2  conftest.c >&5
configure:17462: $? = 0
configure:17469: result: yes
configure:17477: checking for size_t
configure:17477: gcc -c -g -O2  conftest.c >&5
configure:17477: $? = 0
configure:17477: gcc -c -g -O2  conftest.c >&5
conftest.c: In function 'main':
conftest.c:61:21: error: expected expression before ')' token
 if (sizeof ((size_t)))
                     ^
configure:17477: $? = 1
configure: failed program was:
| /* confdefs.h */
| #define PACKAGE_NAME "elipsbnbls12"
| #define PACKAGE_TARNAME "elipsbnbls12"
| #define PACKAGE_VERSION "1.0.1"
| #define PACKAGE_STRING "elipsbnbls12 1.0.1"
| #define PACKAGE_BUGREPORT ""
| #define PACKAGE_URL ""
| #define STDC_HEADERS 1
| #define HAVE_SYS_TYPES_H 1
| #define HAVE_SYS_STAT_H 1
| #define HAVE_STDLIB_H 1
| #define HAVE_STRING_H 1
| #define HAVE_MEMORY_H 1
| #define HAVE_STRINGS_H 1
| #define HAVE_INTTYPES_H 1
| #define HAVE_STDINT_H 1
| #define HAVE_UNISTD_H 1
| #define HAVE_DLFCN_H 1
| #define LT_OBJDIR ".libs/"
| #define STDC_HEADERS 1
| #define HAVE_STDLIB_H 1
| #define HAVE_STRING_H 1
| #define HAVE_GMP_H 1
| /* end confdefs.h.  */
| #include <stdio.h>
| #ifdef HAVE_SYS_TYPES_H
| # include <sys/types.h>
| #endif
| #ifdef HAVE_SYS_STAT_H
| # include <sys/stat.h>
| #endif
| #ifdef STDC_HEADERS
| # include <stdlib.h>
| # include <stddef.h>
| #else
| # ifdef HAVE_STDLIB_H
| #  include <stdlib.h>
| # endif
| #endif
| #ifdef HAVE_STRING_H
| # if !defined STDC_HEADERS && defined HAVE_MEMORY_H
| #  include <memory.h>
| # endif
| # include <string.h>
| #endif
| #ifdef HAVE_STRINGS_H
| # include <strings.h>
| #endif
| #ifdef HAVE_INTTYPES_H
| # include <inttypes.h>
| #endif
| #ifdef HAVE_STDINT_H
| # include <stdint.h>
| #endif
| #ifdef HAVE_UNISTD_H
| # include <unistd.h>
| #endif
| int
| main ()
| {
| if (sizeof ((size_t)))
| 	    return 0;
|   ;
|   return 0;
| }
configure:17477: result: yes
configure:17492: checking size of char
configure:17497: gcc -o conftest -g -O2   conftest.c  >&5
configure:17497: $? = 0
configure:17497: ./conftest
configure:17497: $? = 0
configure:17511: result: 1
configure:17525: checking size of short int
configure:17530: gcc -o conftest -g -O2   conftest.c  >&5
configure:17530: $? = 0
configure:17530: ./conftest
configure:17530: $? = 0
configure:17544: result: 2
configure:17558: checking size of int
configure:17563: gcc -o conftest -g -O2   conftest.c  >&5
configure:17563: $? = 0
configure:17563: ./conftest
configure:17563: $? = 0
configure:17577: result: 4
configure:17591: checking size of long
configure:17596: gcc -o conftest -g -O2   conftest.c  >&5
configure:17596: $? = 0
configure:17596: ./conftest
configure:17596: $? = 0
configure:17610: result: 8
configure:17624: checking size of long long
configure:17629: gcc -o conftest -g -O2   conftest.c  >&5
configure:17629: $? = 0
configure:17629: ./conftest
configure:17629: $? = 0
configure:17643: result: 8
configure:17659: checking for stdlib.h
configure:17659: result: yes
configure:17669: checking for GNU libc compatible malloc
configure:17693: gcc -o conftest -g -O2   conftest.c  >&5
configure:17693: $? = 0
configure:17693: ./conftest
configure:17693: $? = 0
configure:17703: result: yes
configure:17724: checking for __gmpz_add in -lgmp
configure:17749: gcc -o conftest -g -O2   conftest.c -lgmp   >&5
configure:17749: $? = 0
configure:17758: result: yes
configure:17884: checking that generated files are newer than configure
configure:17890: result: done
configure:17937: creating ./config.status

## ---------------------- ##
## Running config.status. ##
## ---------------------- ##

This file was extended by elipsbnbls12 config.status 1.0.1, which was
generated by GNU Autoconf 2.69.  Invocation command line was

  CONFIG_FILES    = 
  CONFIG_HEADERS  = 
  CONFIG_LINKS    = 
  CONFIG_COMMANDS = 
  $ ./config.status 

on KhandakerMBP.local

config.status:1154: creating Makefile
config.status:1154: creating src/Makefile
config.status:1154: creating config.h
config.status:1383: executing depfiles commands
config.status:1383: executing libtool commands

## ---------------- ##
## Cache variables. ##
## ---------------- ##

ac_cv_build=x86_64-apple-darwin16.7.0
ac_cv_c_compiler_gnu=yes
ac_cv_c_const=yes
ac_cv_cxx_compiler_gnu=yes
ac_cv_env_CCC_set=
ac_cv_env_CCC_value=
ac_cv_env_CC_set=
ac_cv_env_CC_value=
ac_cv_env_CFLAGS_set=
ac_cv_env_CFLAGS_value=
ac_cv_env_CPPFLAGS_set=
ac_cv_env_CPPFLAGS_value=
ac_cv_env_CPP_set=
ac_cv_env_CPP_value=
ac_cv_env_CXXCPP_set=
ac_cv_env_CXXCPP_value=
ac_cv_env_CXXFLAGS_set=
ac_cv_env_CXXFLAGS_value=
ac_cv_env_CXX_set=
ac_cv_env_CXX_value=
ac_cv_env_LDFLAGS_set=
ac_cv_env_LDFLAGS_value=
ac_cv_env_LIBS_set=
ac_cv_env_LIBS_value=
ac_cv_env_LT_SYS_LIBRARY_PATH_set=
ac_cv_env_LT_SYS_LIBRARY_PATH_value=
ac_cv_env_build_alias_set=
ac_cv_env_build_alias_value=
ac_cv_env_host_alias_set=
ac_cv_env_host_alias_value=
ac_cv_env_target_alias_set=
ac_cv_env_target_alias_value=
ac_cv_func_malloc_0_nonnull=yes
ac_cv_header_dlfcn_h=yes
ac_cv_header_gmp_h=yes
ac_cv_header_inttypes_h=yes
ac_cv_header_memory_h=yes
ac_cv_header_stdc=yes
ac_cv_header_stdint_h=yes
ac_cv_header_stdlib_h=yes
ac_cv_header_string_h=yes
ac_cv_header_strings_h=yes
ac_cv_header_sys_stat_h=yes
ac_cv_header_sys_types_h=yes
ac_cv_header_unistd_h=yes
ac_cv_host=x86_64-apple-darwin16.7.0
ac_cv_lib_gmp___gmpz_add=yes
ac_cv_objext=o
ac_cv_path_EGREP='/usr/bin/grep -E'
ac_cv_path_FGREP='/usr/bin/grep -F'
ac_cv_path_GREP=/usr/bin/grep
ac_cv_path_SED=/usr/bin/sed
ac_cv_path_install='/usr/bin/install -c'
ac_cv_path_lt_DD=/bin/dd
ac_cv_prog_AWK=awk
ac_cv_prog_CPP='gcc -E'
ac_cv_prog_CXXCPP='g++ -E'
ac_cv_prog_ac_ct_AR=ar
ac_cv_prog_ac_ct_CC=gcc
ac_cv_prog_ac_ct_CXX=g++
ac_cv_prog_ac_ct_DSYMUTIL=dsymutil
ac_cv_prog_ac_ct_LIPO=lipo
ac_cv_prog_ac_ct_NMEDIT=nmedit
ac_cv_prog_ac_ct_OBJDUMP=objdump
ac_cv_prog_ac_ct_OTOOL=otool
ac_cv_prog_ac_ct_RANLIB=ranlib
ac_cv_prog_ac_ct_STRIP=strip
ac_cv_prog_cc_c89=
ac_cv_prog_cc_g=yes
ac_cv_prog_cxx_g=yes
ac_cv_prog_make_make_set=yes
ac_cv_sizeof_char=1
ac_cv_sizeof_int=4
ac_cv_sizeof_long=8
ac_cv_sizeof_long_long=8
ac_cv_sizeof_short_int=2
ac_cv_type_size_t=yes
am_cv_CC_dependencies_compiler_type=gcc3
am_cv_CXX_dependencies_compiler_type=gcc3
am_cv_make_support_nested_variables=yes
am_cv_prog_cc_c_o=yes
lt_cv_apple_cc_single_mod=yes
lt_cv_ar_at_file=no
lt_cv_deplibs_check_method=pass_all
lt_cv_file_magic_cmd='$MAGIC_CMD'
lt_cv_file_magic_test_file=
lt_cv_ld_exported_symbols_list=yes
lt_cv_ld_force_load=yes
lt_cv_ld_reload_flag=-r
lt_cv_nm_interface='BSD nm'
lt_cv_objdir=.libs
lt_cv_path_LD=/usr/bin/ld
lt_cv_path_LDCXX=/usr/bin/ld
lt_cv_path_NM='/usr/bin/nm -B'
lt_cv_path_mainfest_tool=no
lt_cv_prog_compiler_c_o=yes
lt_cv_prog_compiler_c_o_CXX=yes
lt_cv_prog_compiler_pic='-fno-common -DPIC'
lt_cv_prog_compiler_pic_CXX='-fno-common -DPIC'
lt_cv_prog_compiler_pic_works=yes
lt_cv_prog_compiler_pic_works_CXX=yes
lt_cv_prog_compiler_rtti_exceptions=no
lt_cv_prog_compiler_static_works=no
lt_cv_prog_compiler_static_works_CXX=no
lt_cv_prog_gnu_ld=no
lt_cv_prog_gnu_ldcxx=no
lt_cv_sharedlib_from_linklib_cmd='printf %s\n'
lt_cv_sys_global_symbol_pipe='sed -n -e '\''s/^.*[	 ]\([BCDEGRST][BCDEGRST]*\)[	 ][	 ]*_\([_A-Za-z][_A-Za-z0-9]*\)$/\1 _\2 \2/p'\'' | sed '\''/ __gnu_lto/d'\'''
lt_cv_sys_global_symbol_to_c_name_address='sed -n -e '\''s/^: \(.*\) .*$/  {"\1", (void *) 0},/p'\'' -e '\''s/^[BCDEGRST][BCDEGRST]* .* \(.*\)$/  {"\1", (void *) \&\1},/p'\'''
lt_cv_sys_global_symbol_to_c_name_address_lib_prefix='sed -n -e '\''s/^: \(.*\) .*$/  {"\1", (void *) 0},/p'\'' -e '\''s/^[BCDEGRST][BCDEGRST]* .* \(lib.*\)$/  {"\1", (void *) \&\1},/p'\'' -e '\''s/^[BCDEGRST][BCDEGRST]* .* \(.*\)$/  {"lib\1", (void *) \&\1},/p'\'''
lt_cv_sys_global_symbol_to_cdecl='sed -n -e '\''s/^T .* \(.*\)$/extern int \1();/p'\'' -e '\''s/^[BCDEGRST][BCDEGRST]* .* \(.*\)$/extern char \1;/p'\'''
lt_cv_sys_global_symbol_to_import=
lt_cv_sys_max_cmd_len=196608
lt_cv_to_host_file_cmd=func_convert_file_noop
lt_cv_to_tool_file_cmd=func_convert_file_noop
lt_cv_truncate_bin='/bin/dd bs=4096 count=1'

## ----------------- ##
## Output variables. ##
## ----------------- ##

ACLOCAL='${SHELL} /Users/khandaker/Development/elips_bn_bls/missing aclocal-1.15'
AMDEPBACKSLASH='\'
AMDEP_FALSE='#'
AMDEP_TRUE=''
AMTAR='$${TAR-tar}'
AM_BACKSLASH='\'
AM_DEFAULT_V='$(AM_DEFAULT_VERBOSITY)'
AM_DEFAULT_VERBOSITY='1'
AM_V='$(V)'
AR='ar'
AUTOCONF='${SHELL} /Users/khandaker/Development/elips_bn_bls/missing autoconf'
AUTOHEADER='${SHELL} /Users/khandaker/Development/elips_bn_bls/missing autoheader'
AUTOMAKE='${SHELL} /Users/khandaker/Development/elips_bn_bls/missing automake-1.15'
AWK='awk'
CC='gcc'
CCDEPMODE='depmode=gcc3'
CFLAGS='-g -O2'
CPP='gcc -E'
CPPFLAGS=''
CXX='g++'
CXXCPP='g++ -E'
CXXDEPMODE='depmode=gcc3'
CXXFLAGS='-g -O2'
CYGPATH_W='echo'
DEFS='-DHAVE_CONFIG_H'
DEPDIR='.deps'
DLLTOOL='false'
DSYMUTIL='dsymutil'
DUMPBIN=''
ECHO_C='\c'
ECHO_N=''
ECHO_T=''
EGREP='/usr/bin/grep -E'
EXEEXT=''
FGREP='/usr/bin/grep -F'
GREP='/usr/bin/grep'
INSTALL_DATA='${INSTALL} -m 644'
INSTALL_PROGRAM='${INSTALL}'
INSTALL_SCRIPT='${INSTALL}'
INSTALL_STRIP_PROGRAM='$(install_sh) -c -s'
LD='/usr/bin/ld'
LDFLAGS=''
LIBOBJS=''
LIBS='-lgmp '
LIBTOOL='$(SHELL) $(top_builddir)/libtool'
LIPO='lipo'
LN_S='ln -s'
LTLIBOBJS=''
LT_SYS_LIBRARY_PATH=''
MAKEINFO='${SHELL} /Users/khandaker/Development/elips_bn_bls/missing makeinfo'
MANIFEST_TOOL=':'
MKDIR_P='./install-sh -c -d'
NM='/usr/bin/nm -B'
NMEDIT='nmedit'
OBJDUMP='objdump'
OBJEXT='o'
OTOOL64=':'
OTOOL='otool'
PACKAGE='elipsbnbls12'
PACKAGE_BUGREPORT=''
PACKAGE_NAME='elipsbnbls12'
PACKAGE_STRING='elipsbnbls12 1.0.1'
PACKAGE_TARNAME='elipsbnbls12'
PACKAGE_URL=''
PACKAGE_VERSION='1.0.1'
PATH_SEPARATOR=':'
RANLIB='ranlib'
SED='/usr/bin/sed'
SET_MAKE=''
SHELL='/bin/sh'
STRIP='strip'
VERSION='1.0.1'
ac_ct_AR='ar'
ac_ct_CC='gcc'
ac_ct_CXX='g++'
ac_ct_DUMPBIN=''
am__EXEEXT_FALSE=''
am__EXEEXT_TRUE='#'
am__fastdepCC_FALSE='#'
am__fastdepCC_TRUE=''
am__fastdepCXX_FALSE='#'
am__fastdepCXX_TRUE=''
am__include='include'
am__isrc=''
am__leading_dot='.'
am__nodep='_no'
am__quote=''
am__tar='$${TAR-tar} chof - "$$tardir"'
am__untar='$${TAR-tar} xf -'
bindir='${exec_prefix}/bin'
build='x86_64-apple-darwin16.7.0'
build_alias=''
build_cpu='x86_64'
build_os='darwin16.7.0'
build_vendor='apple'
datadir='${datarootdir}'
datarootdir='${prefix}/share'
docdir='${datarootdir}/doc/${PACKAGE_TARNAME}'
dvidir='${docdir}'
exec_prefix='${prefix}'
host='x86_64-apple-darwin16.7.0'
host_alias=''
host_cpu='x86_64'
host_os='darwin16.7.0'
host_vendor='apple'
htmldir='${docdir}'
includedir='${prefix}/include'
infodir='${datarootdir}/info'
install_sh='${SHELL} /Users/khandaker/Development/elips_bn_bls/install-sh'
libdir='${exec_prefix}/lib'
libexecdir='${exec_prefix}/libexec'
localedir='${datarootdir}/locale'
localstatedir='${prefix}/var'
mandir='${datarootdir}/man'
mkdir_p='$(MKDIR_P)'
oldincludedir='/usr/include'
pdfdir='${docdir}'
prefix='/usr/local'
program_transform_name='s,x,x,'
psdir='${docdir}'
sbindir='${exec_prefix}/sbin'
sharedstatedir='${prefix}/com'
sysconfdir='${prefix}/etc'
target_alias=''

## ----------- ##
## confdefs.h. ##
## ----------- ##

/* confdefs.h */
#define PACKAGE_NAME "elipsbnbls12"
#define PACKAGE_TARNAME "elipsbnbls12"
#define PACKAGE_VERSION "1.0.1"
#define PACKAGE_STRING "elipsbnbls12 1.0.1"
#define PACKAGE_BUGREPORT ""
#define PACKAGE_URL ""
#define STDC_HEADERS 1
#define HAVE_SYS_TYPES_H 1
#define HAVE_SYS_STAT_H 1
#define HAVE_STDLIB_H 1
#define HAVE_STRING_H 1
#define HAVE_MEMORY_H 1
#define HAVE_STRINGS_H 1
#define HAVE_INTTYPES_H 1
#define HAVE_STDINT_H 1
#define HAVE_UNISTD_H 1
#define HAVE_DLFCN_H 1
#define LT_OBJDIR ".libs/"
#define STDC_HEADERS 1
#define HAVE_STDLIB_H 1
#define HAVE_STRING_H 1
#define HAVE_GMP_H 1
#define SIZEOF_CHAR 1
#define SIZEOF_SHORT_INT 2
#define SIZEOF_INT 4
#define SIZEOF_LONG 8
#define SIZEOF_LONG_LONG 8
#define HAVE_STDLIB_H 1
#define HAVE_MALLOC 1
#define HAVE_LIBGMP 1

configure: exit 0

## ---------------------- ##
## Running config.status. ##
## ---------------------- ##

This file was extended by elipsbnbls12 config.status 1.0.1, which was
generated by GNU Autoconf 2.69.  Invocation command line was

  CONFIG_FILES    = 
  CONFIG_HEADERS  = 
  CONFIG_LINKS    = 
  CONFIG_COMMANDS = 
  $ ./config.status config.h

on KhandakerMBP.local

config.status:1154: creating config.h
config.status:1335: config.h is unchanged
